-
20: 0 3 1 6 15 17 14 7 12 4 13 11 10 18 9 8 5 2 19 16
1: 0
2: 0 4
2: 11 14
3: 5 3 4
2: 0 2
2: 4 11
2: 0 10
5: 9 0 1 12 2
3: 9 0 1
-
2: 0 14
2: 11 5
-
6: 5 1 13 8 11 10
-
6: 0 13 6 12 2 5
-
7: 0 8 13 6 1 14 5
-
4: 12 8 5 13
-
5: 12 1 11 8 0
-
4: 11 12 13 9
-
3: 5 12 10
-
8: 1 8 10 4 13 6 5 14
-
5: 0 5 1 10 14
-
3: 10 9 14
-
11: 6 3 7 5 1 13 8 11 14 9 2
-
7: 8 4 1 7 14 10 5
-
9: 0 14 1 3 7 12 8 6 10
-
5: 8 2 1 10 7
-
8: 5 0 4 12 6 10 1 7
-
4: 1 2 8 7
-
6: 2 7 14 9 4 5
-
10: 6 13 2 3 10 4 7 9 14 12
-
9: 6 9 1 13 0 4 14 5 2
-
10: 0 13 5 12 3 9 7 4 6 10
-
15: 0 4 11 10 9 7 5 14 2 6 8 13 1 12 3
-
13: 0 4 11 10 3 12 9 2 6 7 14 5 1
-
14: 0 13 2 3 12 8 14 11 4 5 9 6 7 10
-
12: 0 3 12 7 10 5 2 6 14 1 11 13
-
11: 0 14 9 3 11 8 2 10 12 13 7
-
13: 0 9 1 8 6 4 7 14 2 13 12 11 3
-
12: 0 12 6 5 7 2 1 9 8 14 3 13
-
13: 0 4 2 7 6 13 5 8 11 14 12 10 3
-
9: 0 2 6 13 14 3 10 4 11
-
12: 0 12 1 14 4 7 2 13 5 10 9 8
-
14: 0 13 5 1 9 8 6 4 10 3 11 7 14 12
-
14: 0 5 7 8 10 11 4 14 3 6 12 9 13 1
-
14: 0 4 5 14 2 6 1 9 7 3 12 13 10 11
-
15: 0 4 14 10 6 2 13 8 9 12 5 1 7 3 11
-
15: 0 6 11 4 13 14 5 10 8 2 3 1 7 9 12
-
15: 0 9 3 6 13 8 7 11 12 1 10 14 2 5 4
-
15: 0 12 13 14 6 5 10 3 9 8 7 11 1 2 4
-
15: 0 3 4 8 9 14 1 5 10 6 11 13 2 7 12
-
14: 0 10 9 3 12 8 7 6 11 13 14 2 5 4
-
15: 0 5 11 12 3 8 4 10 1 13 2 9 6 7 14
-
15: 0 6 12 3 2 14 13 8 4 1 9 7 5 11 10
-
15: 0 5 12 13 9 10 7 6 8 14 4 11 1 3 2
-
15: 0 5 10 7 3 8 14 13 2 1 6 4 11 12 9
-
15: 0 14 10 3 11 9 5 4 8 6 13 7 2 1 12
-
15: 0 2 1 5 3 7 13 11 9 6 14 4 12 10 8
-
15: 0 11 10 12 6 13 2 4 3 7 9 8 14 5 1
-
15: 0 6 10 13 4 2 7 8 9 14 5 3 12 11 1
-
15: 0 14 11 4 13 7 1 10 6 9 2 12 3 5 8
-
15: 0 9 7 4 12 1 14 8 3 10 5 6 11 13 2
-
15: 0 7 13 5 4 11 3 1 6 14 9 8 10 2 12
2: 0 4
2: 9 4
-
2: 0 15
2: 7 3
2: 6 14
-
3: 4 6 0
-
2: 2 7
2: 0 7
2: 9 2
3: 15 12 3
-
6: 8 3 6 4 12 11
-
8: 10 14 12 1 8 13 0 2
-
8: 0 10 9 6 8 13 11 12
-
6: 10 3 11 5 1 14
-
6: 4 1 5 3 8 13
-
4: 1 5 10 12
6: 14 2 10 12 4 1
-
4: 4 2 3 6
3: 7 15 1
3: 5 12 1
-
13: 8 0 10 15 2 13 4 12 11 3 6 5 9
-
12: 0 13 14 5 15 10 7 9 8 6 2 4
-
10: 0 15 2 3 5 9 1 7 14 8
-
8: 8 4 0 10 1 15 2 7
-
11: 0 9 2 7 11 13 5 14 12 8 6
-
7: 1 15 8 11 10 6 9
-
8: 0 1 9 12 11 15 6 13
-
9: 3 7 14 1 2 8 10 15 13
-
5: 3 14 10 1 15
-
8: 9 10 12 8 1 13 15 4
-
15: 0 10 15 4 13 14 5 7 8 9 6 1 11 3 12
-
14: 0 5 1 11 15 13 9 4 2 6 8 10 7 3
-
12: 0 7 12 14 5 1 4 13 8 11 9 15
-
14: 0 7 3 1 11 15 9 2 13 12 4 10 8 6
-
15: 0 5 4 10 8 2 6 14 15 1 9 13 12 3 7
-
12: 0 2 4 13 6 15 1 10 8 5 11 9
-
13: 0 3 12 14 8 10 7 9 6 4 11 13 15
-
13: 0 6 14 15 10 2 3 1 13 4 12 11 9
-
11: 0 14 11 9 7 12 1 10 4 8 5
-
13: 0 7 9 2 12 13 6 5 3 8 14 10 11
-
15: 0 10 15 7 2 4 1 12 11 8 14 5 9 3 6
-
15: 0 4 6 9 14 10 15 7 13 3 1 5 11 2 8
-
15: 0 11 4 1 2 8 13 10 9 6 14 7 12 15 3
-
16: 0 5 11 9 8 3 7 14 15 10 4 6 12 1 2 13
-
16: 0 2 14 6 12 13 10 3 9 11 8 4 15 7 5 1
-
16: 0 2 8 11 15 3 13 5 6 4 1 12 14 7 10 9
-
16: 0 6 3 8 1 13 14 11 4 2 15 10 5 12 9 7
-
16: 0 12 14 13 7 1 5 11 15 2 4 9 6 8 3 10
-
15: 0 4 12 15 10 2 14 6 9 13 3 8 5 1 7
-
15: 0 12 3 15 6 5 8 14 4 11 10 1 9 13 7
-
16: 0 9 12 2 6 13 11 10 3 15 7 4 14 8 1 5
-
16: 0 2 4 15 6 5 1 11 14 10 7 9 8 12 3 13
-
16: 0 14 13 7 5 9 15 8 4 2 10 1 12 11 6 3
-
16: 0 2 5 4 14 12 15 9 11 1 6 10 13 8 7 3
-
16: 0 3 9 10 15 6 7 1 13 14 5 12 2 11 8 4
-
16: 0 12 8 10 13 14 9 5 4 7 6 11 2 15 3 1
-
16: 0 9 10 15 1 13 5 6 12 4 8 2 7 11 14 3
-
16: 0 9 8 5 7 3 10 13 6 1 4 15 14 12 2 11
-
16: 0 2 11 13 4 10 7 3 5 8 1 12 9 6 14 15
-
16: 0 12 8 9 13 15 6 3 11 14 4 10 1 2 7 5
2: 0 4
3: 12 6 13
2: 3 2
2: 0 16
2: 11 7
3: 14 5 0
3: 1 4 11
2: 10 0
-
3: 10 14 5
3: 13 5 7
-
7: 13 14 4 8 1 11 9
-
6: 1 15 6 13 10 4
-
4: 5 14 2 0
-
5: 12 2 14 3 8
-
5: 4 0 3 1 15
-
5: 0 2 16 15 8
-
4: 1 6 10 9
-
4: 9 8 15 10
-
3: 11 5 16
-
4: 6 7 1 16
-
10: 0 10 5 15 4 8 1 11 16 12
-
10: 0 11 2 16 1 10 15 6 5 14
-
8: 3 13 16 10 4 15 7 14
-
8: 7 12 15 1 14 4 2 3
-
10: 2 11 0 7 15 14 3 9 6 16
-
10: 0 14 16 12 13 15 1 3 11 5
-
12: 1 10 16 4 6 13 8 11 14 12 2 0
-
6: 0 5 3 6 10 16
-
8: 0 7 11 4 5 15 9 10
-
6: 9 11 1 16 5 15
-
16: 0 5 15 11 9 6 8 14 13 4 3 1 7 12 16 10
-
17: 0 4 7 10 13 3 15 2 9 12 5 11 6 14 1 16 8
-
15: 0 3 9 1 14 5 2 7 13 4 6 10 15 12 16
-
15: 0 8 5 7 12 16 1 4 10 15 13 6 2 3 11
-
15: 15 0 2 12 8 10 13 14 1 9 16 5 4 3 6
-
15: 0 6 9 15 10 3 12 4 16 1 7 13 8 14 11
-
17: 0 3 15 8 11 5 16 7 2 6 4 1 13 12 9 10 14
-
17: 0 9 8 4 14 1 2 5 15 12 13 6 7 10 16 3 11
-
14: 0 9 12 6 3 1 5 8 2 11 14 16 10 7
-
14: 0 5 9 7 13 1 14 15 8 11 6 2 10 3
-
17: 0 10 7 9 15 14 6 4 2 1 3 5 11 16 13 8 12
-
17: 0 6 11 10 15 7 12 13 2 9 16 5 4 1 3 14 8
-
16: 0 16 3 9 7 15 14 8 12 4 13 10 1 5 6 11
-
17: 0 7 6 3 15 16 12 9 13 8 10 14 4 2 11 1 5
-
16: 0 12 4 15 1 7 3 16 10 13 6 14 2 8 11 5
-
17: 0 15 3 16 10 14 7 1 5 8 2 9 11 13 12 4 6
-
16: 0 16 7 14 6 9 2 13 10 4 12 11 15 3 1 8
-
17: 0 13 7 8 3 9 6 1 16 5 11 15 4 10 2 14 12
-
17: 0 12 1 6 4 2 14 11 9 5 16 13 3 8 10 7 15
-
16: 0 8 7 10 1 11 9 16 2 12 14 6 4 5 15 13
-
17: 0 15 14 5 2 12 3 10 9 4 16 7 6 11 13 8 1
-
17: 0 7 5 12 13 8 16 9 10 2 15 3 14 1 6 11 4
-
17: 0 9 1 15 4 14 2 6 13 10 8 3 12 16 5 7 11
-
17: 0 10 8 12 3 16 11 5 6 13 4 2 1 15 9 7 14
-
17: 0 15 7 9 5 10 6 3 13 1 16 12 11 14 2 4 8
-
17: 0 5 3 7 13 15 2 11 6 14 4 8 10 16 1 9 12
-
17: 0 12 4 5 9 16 10 8 14 13 15 2 1 11 6 7 3
-
17: 0 9 8 13 5 6 1 2 15 16 4 3 12 10 14 11 7
-
17: 0 15 14 4 16 13 11 5 12 7 10 9 3 6 1 2 8
-
17: 0 15 14 12 9 4 5 11 1 6 13 10 16 2 3 8 7
2: 0 4
2: 4 8
-
3: 13 1 10
2: 9 0
2: 3 0
3: 3 12 14
2: 13 15
-
2: 11 1
2: 2 10
2: 1 8
-
9: 3 0 4 5 10 16 7 11 14
-
8: 3 4 7 12 5 8 13 15
-
9: 0 1 11 15 6 9 8 10 3
-
8: 17 5 10 13 8 14 6 15
-
7: 8 0 4 1 13 17 3
-
7: 2 7 12 14 10 11 0
-
5: 0 13 5 6 8
3: 7 0 16
-
5: 2 6 5 0 13
4: 1 5 4 9
-
13: 0 10 16 12 3 6 2 9 17 11 14 7 5
-
9: 1 0 13 8 4 17 16 2 3
-
9: 5 9 3 7 10 0 11 1 12
-
10: 0 1 8 5 4 13 10 9 16 3
-
9: 6 4 16 0 14 2 9 15 7
-
12: 0 3 9 11 2 10 12 8 16 7 17 6
-
8: 7 16 0 9 3 11 17 13
-
10: 0 9 14 8 2 17 10 1 16 7
-
8: 1 2 6 4 16 9 12 13
-
11: 4 3 0 13 9 12 8 5 1 11 17
-
18: 0 12 4 16 2 9 13 10 3 17 5 8 15 14 7 11 1 6
-
15: 0 2 7 13 15 1 6 3 14 11 17 12 8 9 5
-
17: 0 10 6 4 13 5 14 8 15 1 2 17 11 9 16 3 12
-
16: 0 16 7 17 12 10 8 4 11 6 13 2 1 15 14 5
-
13: 0 10 6 9 7 3 13 4 14 16 1 2 11
-
16: 0 13 16 10 2 12 14 9 7 17 3 1 5 4 15 11
-
17: 0 14 9 12 11 6 3 2 7 17 8 16 1 15 5 13 10
-
15: 0 3 15 10 8 9 4 16 1 5 12 2 7 17 13
-
17: 0 14 10 8 2 17 3 15 13 5 6 9 7 16 11 4 12
-
15: 0 2 16 11 12 7 14 4 13 5 15 1 6 9 17
-
18: 0 16 2 8 9 13 5 3 11 1 10 15 14 7 17 6 12 4
-
18: 0 4 15 10 8 6 14 5 3 7 9 16 11 2 17 1 12 13
-
17: 0 12 4 15 14 13 5 17 7 3 10 8 11 16 2 1 9
-
18: 0 11 12 9 13 17 3 1 7 6 4 15 8 10 2 14 16 5
-
18: 0 8 16 10 2 3 4 1 15 11 6 13 17 9 5 14 12 7
-
18: 0 7 10 15 1 12 16 9 17 5 2 11 3 4 6 8 13 14
-
17: 0 16 12 11 3 1 6 7 14 8 5 13 10 15 4 2 17
-
18: 0 8 13 6 5 4 7 2 12 17 3 16 10 1 11 9 14 15
-
18: 0 8 11 6 17 9 15 13 4 1 10 7 5 16 2 14 12 3
-
18: 0 11 17 2 6 8 1 9 13 10 14 16 15 12 4 3 5 7
-
18: 0 12 1 5 11 3 14 6 17 13 10 9 2 16 8 15 7 4
-
18: 0 11 2 13 16 1 14 4 8 10 12 6 7 15 17 9 3 5
-
18: 0 13 14 15 6 8 16 5 9 10 3 11 7 2 12 1 17 4
-
18: 0 6 11 3 15 17 14 4 5 8 9 2 1 16 7 10 12 13
-
18: 0 16 14 9 11 6 10 17 7 5 2 13 4 3 15 1 12 8
-
18: 0 16 10 14 3 15 4 2 11 17 7 6 13 1 5 12 9 8
-
17: 0 8 15 5 7 12 4 13 3 9 14 1 10 2 11 16 6
-
18: 0 14 3 1 2 15 16 4 11 7 8 13 6 17 5 12 9 10
-
18: 0 7 15 16 1 8 5 9 10 4 13 14 6 2 12 3 11 17
-
18: 0 7 17 10 9 8 2 14 13 6 16 15 11 1 3 4 12 5
2: 0 4
2: 2 5
2: 8 9
2: 2 13
4: 6 18 16 10
2: 0 7
3: 15 17 10
4: 1 8 15 16
3: 15 1 4
2: 0 7
-
6: 6 17 7 4 1 9
-
8: 6 7 18 3 9 16 13 14
3: 3 0 1
7: 15 5 13 1 2 6 14
-
4: 11 15 7 1
-
5: 0 7 9 3 14
-
5: 13 5 0 12 2
-
4: 5 18 3 1
-
5: 2 13 5 14 0
5: 2 3 9 14 15
-
8: 0 4 17 10 13 12 16 3
-
10: 0 10 7 8 5 16 2 11 3 18
-
10: 11 1 3 2 9 15 6 4 12 8
-
11: 0 18 3 4 6 13 17 16 14 2 15
-
11: 0 9 15 12 18 14 17 13 11 10 16
-
12: 6 10 1 5 17 15 3 16 7 13 0 4
-
9: 2 15 1 17 13 4 8 6 0
-
7: 2 6 14 9 8 5 11
-
14: 0 18 5 10 3 2 1 17 12 14 16 4 8 11
-
7: 3 5 8 9 0 12 2
-
17: 0 9 8 7 11 13 10 6 17 5 2 18 14 4 12 16 3
-
16: 0 1 10 12 4 3 18 14 5 2 17 9 11 13 16 6
-
16: 0 1 4 5 2 17 9 15 16 12 6 14 13 10 8 18
-
17: 0 1 18 15 16 2 12 10 6 17 3 13 11 5 9 4 14
-
17: 0 1 15 16 14 9 4 10 3 13 18 6 7 5 17 11 2
-
13: 0 6 8 11 18 3 12 4 9 7 13 14 5
-
15: 0 5 18 9 8 13 2 10 1 15 3 6 16 12 7
-
18: 0 17 13 9 15 14 6 8 16 1 12 3 18 4 11 2 7 10
-
15: 0 14 4 13 17 10 12 2 18 5 1 6 9 3 16
-
16: 0 4 5 8 2 1 16 7 9 14 15 17 12 3 10 11
-
19: 0 6 8 7 15 13 2 17 11 3 5 12 10 9 18 14 16 4 1
-
19: 0 14 8 2 3 11 9 16 10 17 13 5 6 1 15 12 7 4 18
-
19: 0 11 7 14 10 17 8 1 9 2 4 5 15 6 12 16 13 3 18
-
19: 0 9 18 8 4 11 15 14 17 5 10 12 3 6 7 2 1 13 16
-
19: 0 18 10 4 6 9 3 16 8 1 7 17 2 14 12 13 11 15 5
-
19: 0 10 17 14 1 7 5 9 6 18 16 12 4 8 15 2 11 3 13
-
19: 0 8 13 11 4 15 10 18 6 16 1 9 7 5 12 17 14 3 2
-
19: 0 15 6 18 7 11 13 2 9 4 3 8 1 14 10 5 12 17 16
-
18: 0 8 18 4 13 9 6 3 12 14 10 2 11 16 15 17 5 1
-
18: 0 6 16 13 3 10 12 11 5 8 18 1 9 2 15 4 7 14
-
19: 0 8 14 11 13 17 5 3 10 4 1 16 6 15 12 7 2 9 18
-
19: 0 12 4 15 6 13 10 5 3 18 7 8 11 2 9 17 16 14 1
-
19: 0 12 9 17 14 2 7 3 6 1 18 5 8 10 13 4 16 11 15
-
19: 0 10 5 8 12 14 15 4 9 18 3 2 17 7 11 13 1 6 16
-
19: 0 15 5 12 3 11 18 13 4 2 8 9 10 6 7 16 1 14 17
-
19: 0 3 6 12 17 13 15 4 2 10 7 9 14 1 11 5 18 8 16
-
19: 0 7 15 9 17 6 14 13 10 8 3 11 16 1 12 4 18 5 2
-
19: 0 2 6 16 12 14 13 3 7 10 8 9 18 4 5 1 17 15 11
-
19: 0 8 12 16 9 13 18 1 14 10 6 3 2 15 4 11 7 17 5
-
19: 0 3 4 12 8 7 16 13 1 14 17 11 2 9 10 18 15 5 6
2: 0 4
3: 0 4 19
2: 4 3
3: 8 16 11
3: 5 8 14
2: 9 13
3: 3 7 6
3: 1 5 11
2: 2 15
2: 1 8
-
8: 3 16 10 12 2 14 8 15
-
9: 0 1 6 7 3 19 12 13 17
-
6: 13 16 14 19 18 9
5: 14 19 1 3 16
-
9: 18 5 3 8 11 10 17 12 9
-
4: 8 13 2 16
-
4: 0 11 16 3
-
5: 11 2 4 3 0
-
5: 6 5 14 18 3
-
7: 9 4 13 1 7 19 5
-
14: 0 4 9 16 13 6 11 8 19 2 5 10 3 17
-
12: 0 8 13 4 3 7 19 12 6 15 18 5
-
12: 1 15 14 11 6 7 13 19 18 8 17 9
-
10: 0 5 15 16 2 12 10 17 14 18
-
13: 0 8 15 14 12 3 9 17 6 13 18 5 19
-
13: 1 11 14 7 18 6 15 12 17 4 0 10 9
-
13: 0 7 2 6 1 17 8 11 3 10 19 9 5
-
9: 2 19 16 4 3 6 7 10 15
-
11: 18 0 17 5 11 8 14 16 2 1 10
-
13: 0 3 9 10 15 7 19 4 14 16 2 18 12
-
18: 0 10 3 11 9 16 12 2 14 6 8 15 7 4 17 5 1 18
-
19: 0 15 18 3 12 1 4 2 14 5 10 7 11 6 8 17 19 9 16
-
17: 0 10 3 9 15 17 13 8 5 19 4 14 16 6 11 7 2
-
17: 0 18 6 2 10 4 13 16 12 1 9 17 15 8 7 14 5
-
13: 0 11 6 17 18 2 7 13 10 15 12 14 5
-
17: 0 9 3 7 13 12 4 2 6 16 1 5 14 19 15 11 18
-
19: 0 11 7 10 3 8 4 6 13 2 1 19 16 9 15 12 14 18 17
-
18: 0 12 5 10 19 4 9 13 16 17 11 2 8 7 18 6 1 15
-
16: 0 19 16 14 9 13 6 2 4 12 17 15 7 1 3 10
-
16: 0 14 3 18 7 9 15 17 13 2 11 5 12 16 4 1
-
19: 0 9 3 10 13 15 17 18 8 5 7 2 16 14 1 12 6 11 19
-
20: 0 10 3 14 18 6 15 13 8 9 17 16 12 19 5 7 4 11 1 2
-
20: 0 4 6 1 15 19 12 3 7 2 16 5 11 10 17 14 9 13 8 18
-
20: 0 14 9 17 15 8 19 10 5 18 12 3 4 11 1 7 16 6 2 13
-
18: 0 15 13 10 16 1 17 9 6 18 19 7 3 2 12 4 8 5
-
20: 0 6 2 16 7 13 5 1 11 8 18 12 14 4 19 10 3 17 15 9
-
20: 0 11 14 4 10 7 8 9 19 16 17 12 18 13 2 5 1 3 6 15
-
20: 0 14 15 6 12 10 1 2 8 16 5 18 4 13 3 17 19 7 9 11
-
20: 0 10 2 17 11 14 1 16 3 15 5 12 7 18 4 8 13 19 9 6
-
19: 0 13 11 2 5 18 19 7 12 17 9 1 14 16 4 8 3 10 15
-
20: 0 14 19 1 15 17 4 16 9 10 6 18 11 12 7 2 5 13 3 8
-
20: 0 14 7 13 10 3 6 5 12 15 16 1 2 18 8 19 17 11 4 9
-
20: 0 15 1 7 16 2 8 6 13 5 3 17 9 18 10 4 12 11 14 19
-
20: 0 14 2 5 4 12 19 3 15 1 7 17 8 13 10 6 16 11 9 18
-
20: 0 7 2 3 10 16 5 15 12 11 4 19 8 1 13 14 17 6 18 9
-
20: 0 17 19 18 9 8 1 15 12 10 4 6 3 14 2 16 11 7 13 5
-
20: 0 14 9 6 7 16 8 15 11 1 12 10 3 13 19 2 18 5 17 4
-
20: 0 14 6 19 17 12 13 3 11 5 15 9 7 8 16 10 1 2 4 18
-
20: 0 17 5 16 9 7 3 15 2 6 4 11 19 12 13 1 18 8 14 10
-
20: 0 11 14 17 7 8 15 3 4 2 1 18 10 9 13 16 12 6 19 5
