-
131072
0
0
0
0
0
0
0
0
0
-
1
0
-
0
-
0
-
1
-
0
-
0
-
1
-
0
-
0
-
1
-
0
-
0
-
1
-
1
-
0
-
1
-
0
-
0
-
0
-
1
-
4
-
10
-
23
-
3
-
27
-
1
-
8
-
39
-
17
-
3
-
3
-
287
-
24
-
3
-
2
-
5
-
133
-
1
-
6
-
52
-
887
-
11
-
109
-
18
-
1
-
333
-
1423
-
122
-
1
-
27
-
122
0
0
-
1
0
0
-
0
-
0
0
0
0
-
0
-
0
-
0
-
0
-
0
-
0
0
-
1
0
0
-
1
-
1
-
1
-
1
-
0
-
0
-
4
-
2
-
0
-
0
-
1
-
1
-
269
-
5
-
17
-
1
-
65
-
1
-
6
-
2
-
1
-
7
-
446
-
28
-
225
-
6
-
54
-
67
-
1
-
3
-
177
-
4
-
20
-
23
-
5
-
2236
-
4
-
686
-
4939
-
15
0
0
0
1
0
0
0
0
-
0
0
-
1
-
0
-
0
-
0
-
0
-
1
-
0
-
0
-
0
-
0
-
9
-
1
-
0
-
0
-
12
-
1
-
0
-
4
-
1
-
0
-
75
-
166
-
96
-
3
-
12
-
10
-
8
-
52
-
44
-
0
-
796
-
98
-
1
-
6
-
9
-
2
-
1
-
25
-
82
-
13
-
267
-
27
-
1366
-
11
-
374
-
1610
-
15
-
89
-
6
-
953
0
0
-
0
0
0
0
0
-
0
0
0
-
0
-
0
-
1
-
0
-
1
-
0
-
1
0
-
0
0
-
3
-
2
-
0
-
2
-
0
-
15
-
3
-
2
-
0
-
4
-
21
-
49
-
25
-
3
-
6
-
18
-
9
-
107
-
5
-
39
-
631
-
198
-
13
-
6
-
160
-
24
-
954
-
71
-
3
-
2
-
79
-
2721
-
7025
-
15
-
54
-
136
-
11429
-
1269
-
15397
-
2
0
0
0
0
0
0
0
1
0
0
-
0
-
0
0
0
-
0
-
0
-
0
-
0
-
0
0
-
7
-
15
-
0
-
1
-
1
-
0
-
0
-
0
-
1
-
0
-
13
-
2
-
140
-
1
-
16
-
1
-
1
-
21
-
10
-
48
-
370
-
2704
-
4004
-
1
-
1
-
80
-
19
-
3
-
2
-
85
-
52997
-
202
-
336
-
204
-
26
-
19357
-
12155
-
1036
-
31
-
8318
0
1
0
0
0
0
0
0
0
0
-
0
-
2
-
0
0
-
0
-
0
-
1
-
0
-
0
-
0
-
4
-
5
-
0
-
0
-
20
-
0
-
4
-
0
-
0
-
2
-
284
-
494
-
6
-
65
-
1
-
72
-
41
-
2
-
1
-
149
-
4929
-
746
-
7
-
11
-
79
-
590
-
18
-
1783
-
7914
-
7
-
1
-
4189
-
62053
-
16
-
664
-
2
-
2616
-
3
-
880
-
50869
