0() : 1
0() : 1
0() 1() : 2
0(1()) : 1
0() 1() : 2
0(1()) : 1
0() 1() 2() : 3
0() 1() 2() 3() : 4
0(1(2(3()))) : 1
0(1(3()2())) : 1
0(1(3()2())) : 1
0(1(3()2())) 4(5()) : 2
0(3(5(4()))) 1(2()) : 2
0(3(2(5()))) 1() 4() : 3
0(3(2(5()))) 1() 4() : 3
0() 1(2(4())) 3() : 3
0() 1(2(4())) 3() : 3
0(1(5(2(4(6(3())))))) : 1
0(1(5(2(4(6(3())))))) : 1
0(1(5())) 2(4(6(3()))) : 2
0(3(5()4())) 1(2()) : 2
0(4(6()5())) 1(3()) 2() : 3
0(1(2())) 3(4()) 5(6()) 7() : 4
0(4(6()5())) 1(3()) 2() 7() 8() 9() 10(14(16()15())) 11(13()) 12() : 9
0(3(4(11()7(8())))) 1(2(5(10()6(9())))) : 2
