0
0
0
1
1
(-,1,((((-,11,-),14,-),16,-),17,-))
0
0
(-,1,((((-,11,-),14,-),16,-),17,-))
(-,1,((((-,11,-),14,-),16,-),17,-))
1
(-,1,((((-,11,-),14,-),16,-),17,(-,19,-)))
1
1
1
0
0
0
0
(-,1,(((((-,3,-),8,-),11,-),14,-),17,(-,19,-)))
(-,1,(((((-,3,-),8,-),11,-),14,-),17,(-,19,-)))
1
(-,1,((((((-,2,-),3,-),8,-),11,-),14,-),17,(-,19,-)))
(-,1,((((((-,2,-),3,-),8,-),11,-),14,-),17,(-,19,-)))
1
(-,1,((((((-,2,-),3,-),8,-),11,-),14,-),17,(-,19,-)))
(-,1,(((((-,2,-),3,-),11,-),14,-),17,(-,19,-)))
0
0
(-,1,((((-,3,((-,5,-),8,-)),11,-),14,-),17,(-,19,-)))
(-,1,((((-,3,((-,5,-),8,-)),11,-),14,-),17,(-,19,-)))
(-,1,((((-,3,((-,5,-),8,-)),11,-),14,-),17,-))
1
(-,1,((((-,3,(-,8,-)),11,-),14,-),17,-))
(-,1,((((-,3,(-,8,-)),11,-),14,-),17,-))
(-,1,((((-,3,(-,8,-)),11,-),14,-),17,-))
(-,1,((((-,3,(-,8,-)),11,-),14,-),17,-))
(-,1,((((-,3,(-,8,-)),11,-),14,-),17,-))
(-,1,((((-,3,(-,8,-)),11,-),14,-),17,-))
((-,0,-),1,((((-,3,(-,8,-)),11,-),14,-),17,-))
1
((-,0,-),1,((((-,3,((-,7,-),8,-)),11,-),14,-),17,-))
((-,0,-),1,((((-,3,((-,7,-),8,(-,9,-))),11,-),14,-),17,-))
((-,0,-),3,(((((-,7,-),8,(-,9,-)),11,-),14,-),17,-))
