0: 
0: 
2: (0,1,2)
3: (0,1,3)
1: (0,1,1)
1: (0,1,1)
2: (0,1,2)
3: (0,1,3)
2: (0,1,2)
1: (0,1,1)
2: (0,1,2)
1: (0,1,1)
3: (0,1,3)
3: (0,1,3)
2: (0,1,2)
2: (0,1,2)
4: (0,1,4)
4: (0,1,2) (1,2,2)
4: (0,1,1) (1,2,3)
4: (0,1,1) (1,2,3)
6: (0,1,1) (0,2,5)
4: (0,1,1) (0,2,3)
10: (0,1,5) (0,2,5)
4: (0,1,1) (0,2,3)
6: (0,1,3) (0,2,3)
7: (1,2,3) (0,1,4)
4: (0,1,2) (1,2,2)
8: (1,2,3) (0,2,5)
5: (1,2,2) (0,1,3)
4: (0,1,1) (0,2,3)
6: (0,1,2) (1,2,4)
9: (1,2,4) (0,2,5)
13: (0,1,2) (1,3,4) (2,3,7)
12: (1,3,1) (0,1,5) (0,2,6)
11: (1,3,2) (2,3,4) (0,2,5)
9: (0,1,2) (0,3,3) (0,2,4)
8: (0,1,1) (1,3,1) (0,2,6)
9: (1,2,1) (0,3,3) (2,3,5)
15: (0,1,4) (2,3,5) (0,2,6)
13: (0,2,3) (0,1,5) (0,3,5)
5: (0,3,1) (1,3,1) (1,2,3)
10: (0,2,3) (2,3,3) (1,3,4)
6: (1,3,1) (1,2,2) (0,1,3)
13: (1,3,2) (1,2,5) (0,3,6)
11: (1,3,2) (0,2,4) (2,3,5)
16: (0,3,3) (1,3,6) (0,2,7)
8: (1,3,2) (0,1,3) (0,2,3)
19: (1,2,4) (0,1,5) (0,3,5) (2,4,5)
12: (0,2,1) (1,3,1) (1,2,4) (3,4,6)
18: (0,4,3) (0,2,5) (0,3,5) (1,2,5)
12: (0,2,1) (2,3,2) (0,4,3) (0,1,6)
12: (2,4,2) (0,1,3) (3,4,3) (0,2,4)
14: (0,3,1) (1,2,3) (3,4,4) (0,2,6)
10: (0,2,1) (1,3,1) (2,4,3) (0,3,5)
11: (1,4,1) (0,4,3) (1,3,3) (1,2,4)
10: (0,3,1) (0,2,2) (3,4,2) (0,1,5)
5: (0,1,1) (0,3,1) (2,3,1) (1,4,2)
14: (2,4,2) (2,3,3) (0,4,4) (1,3,5)
6: (0,4,1) (1,4,1) (3,4,1) (2,3,3)
11: (0,1,1) (1,4,1) (1,3,4) (0,2,5)
12: (2,3,2) (2,4,2) (0,1,4) (1,2,4)
23: (0,3,3) (1,4,6) (0,4,7) (2,3,7)
12: (0,3,1) (0,5,1) (2,4,2) (2,5,2) (1,5,6)
20: (1,5,1) (1,4,4) (3,5,4) (0,1,5) (2,5,6)
14: (0,1,1) (1,2,1) (0,3,3) (2,5,4) (2,4,5)
14: (0,4,1) (0,3,2) (2,3,2) (1,5,4) (3,5,5)
19: (2,4,1) (3,4,1) (2,5,5) (0,2,6) (1,2,6)
15: (3,4,1) (1,2,3) (2,3,3) (0,1,4) (1,5,4)
23: (1,2,2) (0,1,4) (0,3,4) (3,4,6) (1,5,7)
15: (0,4,1) (1,3,1) (4,5,1) (1,5,3) (1,2,9)
14: (2,5,1) (3,4,1) (4,5,1) (0,3,3) (0,1,8)
12: (1,3,1) (1,4,2) (2,3,2) (2,5,2) (0,1,5)
9: (1,3,1) (2,3,1) (1,5,2) (2,4,2) (0,3,3)
15: (1,3,1) (2,3,2) (1,4,3) (3,5,4) (0,1,5)
19: (1,2,1) (0,1,4) (0,4,4) (3,5,5) (4,5,5)
18: (2,5,2) (4,5,2) (1,2,3) (1,3,5) (0,5,6)
31: (3,5,1) (0,2,6) (0,4,8) (1,2,8) (2,3,8)
14: (2,3,1) (2,5,1) (3,4,1) (1,3,3) (0,1,4) (2,6,4)
15: (0,1,1) (0,3,1) (2,3,1) (3,6,3) (1,4,4) (1,5,5)
22: (2,4,1) (3,4,3) (3,5,3) (2,6,4) (1,6,5) (0,4,6)
14: (0,5,1) (1,3,1) (2,3,1) (2,6,2) (4,6,4) (0,1,5)
13: (1,4,1) (2,3,1) (5,6,1) (0,3,3) (0,4,3) (1,5,4)
18: (2,5,1) (2,6,1) (1,5,3) (0,2,4) (3,4,4) (4,6,5)
13: (0,2,1) (0,3,1) (4,5,2) (0,4,3) (1,6,3) (5,6,3)
12: (1,2,1) (1,3,1) (3,4,1) (0,3,2) (3,6,3) (1,5,4)
14: (1,2,1) (1,5,1) (1,6,1) (3,6,3) (0,3,4) (0,4,4)
17: (1,6,2) (3,5,2) (4,6,2) (3,4,3) (0,2,4) (0,3,4)
24: (3,5,1) (2,6,2) (0,4,4) (1,4,5) (0,2,6) (0,5,6)
14: (0,6,1) (1,2,2) (2,5,2) (0,3,3) (1,6,3) (3,4,3)
15: (0,4,1) (3,4,1) (0,2,3) (0,5,3) (5,6,3) (1,6,4)
32: (2,6,4) (3,4,4) (2,4,5) (1,2,6) (2,5,6) (0,4,7)
19: (1,4,1) (4,6,2) (2,6,3) (0,2,4) (0,5,4) (0,3,5)
17: (0,2,1) (3,5,1) (3,6,1) (4,7,1) (0,3,2) (0,1,5) (4,6,6)
24: (0,2,2) (1,2,2) (1,3,3) (1,7,3) (2,4,3) (4,5,5) (2,6,6)
27: (0,7,1) (5,6,1) (4,7,2) (0,1,3) (4,5,4) (3,7,7) (2,3,9)
18: (0,4,1) (2,5,2) (0,7,3) (1,3,3) (1,6,3) (2,6,3) (4,6,3)
18: (3,5,1) (3,6,1) (0,1,2) (0,5,2) (3,7,3) (4,6,4) (2,6,5)
21: (2,5,1) (3,4,2) (0,5,3) (0,6,3) (1,2,4) (4,7,4) (6,7,4)
24: (0,6,1) (1,4,1) (5,7,3) (0,3,4) (2,4,4) (3,4,5) (0,7,6)
14: (0,4,1) (2,6,1) (0,2,2) (3,4,2) (6,7,2) (1,5,3) (1,6,3)
16: (0,7,1) (3,4,1) (4,6,1) (0,4,2) (1,7,2) (2,7,4) (5,7,5)
12: (1,3,1) (2,4,1) (4,6,1) (1,2,2) (1,7,2) (5,7,2) (0,3,3)
35: (0,2,1) (1,6,1) (1,3,2) (2,6,4) (0,7,7) (0,4,9) (5,7,11)
19: (0,5,1) (1,3,1) (3,6,2) (2,5,3) (4,5,3) (0,6,4) (4,7,5)
17: (5,6,1) (0,5,2) (1,4,2) (3,5,2) (1,3,3) (1,7,3) (0,2,4)
21: (0,5,2) (1,3,2) (1,5,2) (4,7,2) (1,6,3) (1,2,4) (2,7,6)
23: (4,7,1) (2,4,2) (1,2,3) (1,5,3) (3,6,4) (0,1,5) (0,6,5)
34: (5,8,2) (0,6,3) (4,5,3) (0,2,4) (1,6,4) (3,8,5) (4,6,5) (2,7,8)
22: (0,5,2) (5,7,2) (1,4,3) (1,8,3) (2,4,3) (2,6,3) (3,7,3) (4,5,3)
28: (0,1,1) (0,5,1) (0,6,2) (3,5,2) (5,8,3) (4,5,4) (1,2,7) (5,7,8)
23: (2,4,1) (1,8,2) (2,6,2) (0,5,3) (0,6,3) (1,2,3) (3,5,4) (6,7,5)
15: (1,5,1) (1,7,1) (1,8,1) (2,8,1) (4,7,2) (0,1,3) (0,6,3) (2,3,3)
24: (3,8,1) (1,4,2) (1,8,2) (0,5,3) (1,2,3) (1,6,3) (0,3,4) (7,8,6)
35: (1,4,1) (2,7,3) (3,6,4) (3,8,4) (3,4,5) (5,8,5) (0,3,6) (5,7,7)
29: (2,4,1) (3,4,1) (1,3,2) (3,7,4) (5,8,4) (2,8,5) (0,4,6) (3,6,6)
18: (1,4,1) (1,5,1) (2,5,1) (4,7,1) (6,8,2) (1,3,3) (0,5,4) (5,6,5)
20: (0,2,1) (0,5,1) (2,8,1) (1,3,3) (1,8,3) (2,6,3) (4,8,3) (6,7,5)
23: (2,8,1) (3,8,1) (6,7,1) (3,6,2) (4,8,3) (0,1,4) (0,2,5) (4,5,6)
21: (0,2,1) (3,6,1) (2,7,2) (1,5,3) (1,6,3) (1,8,3) (3,4,4) (3,7,4)
21: (4,5,1) (5,7,1) (0,6,2) (0,7,2) (3,8,3) (5,8,3) (1,8,4) (2,4,5)
11: (0,2,1) (0,5,1) (1,5,1) (3,7,1) (6,7,1) (0,4,2) (3,4,2) (3,8,2)
25: (0,5,1) (0,1,2) (3,8,2) (2,8,3) (4,8,3) (4,6,4) (0,3,5) (6,7,5)
30: (4,5,1) (4,6,1) (1,4,2) (4,8,2) (3,8,3) (3,9,3) (2,4,5) (3,7,5) (0,9,8)
28: (2,9,1) (3,6,2) (3,7,2) (1,4,3) (4,5,3) (4,7,3) (0,8,4) (5,9,4) (0,4,6)
18: (1,5,1) (1,7,1) (4,6,1) (7,9,1) (1,6,2) (2,8,2) (0,5,3) (3,6,3) (2,7,4)
37: (4,7,1) (8,9,1) (0,4,4) (1,5,4) (1,9,4) (2,7,4) (2,8,5) (1,3,6) (1,6,8)
16: (0,7,1) (1,5,1) (2,5,1) (2,7,1) (5,9,1) (0,8,2) (1,3,2) (1,4,3) (1,6,4)
14: (0,1,1) (0,2,1) (1,9,1) (7,8,1) (0,3,2) (3,5,2) (4,9,2) (5,8,2) (6,8,2)
51: (0,7,2) (5,8,4) (0,3,5) (1,3,5) (5,7,5) (6,7,5) (0,2,8) (4,6,8) (0,9,9)
27: (0,3,1) (2,5,1) (4,8,1) (3,5,2) (5,7,2) (1,9,3) (6,9,3) (6,7,6) (2,4,8)
29: (1,8,1) (1,9,1) (1,7,2) (3,4,2) (0,5,3) (5,8,4) (3,7,5) (6,8,5) (2,6,6)
20: (0,5,1) (1,5,1) (1,8,1) (5,9,1) (0,6,2) (1,2,2) (4,7,3) (1,3,4) (2,7,5)
31: (1,8,2) (5,9,2) (6,8,2) (1,5,3) (4,7,3) (1,3,4) (2,9,4) (0,6,5) (2,4,6)
23: (0,2,1) (0,3,1) (2,5,1) (4,7,1) (5,9,1) (4,8,3) (1,3,4) (1,8,5) (2,6,6)
31: (0,4,1) (1,5,1) (0,2,3) (1,8,3) (5,9,3) (3,8,4) (0,5,5) (6,7,5) (5,6,6)
25: (1,6,1) (3,8,1) (8,9,1) (1,9,2) (5,7,2) (3,4,4) (6,7,4) (0,2,5) (2,7,5)
20: (1,2,1) (1,3,1) (1,4,1) (1,6,1) (3,5,1) (3,9,1) (4,8,1) (0,7,6) (7,9,7)
