(0,1,2,3,4,5,6,7,8,9,10,11,12,13,14,15,16,17,18,19) (0,0,0,0,0,0,0,0,0,0,0,0,0,0,0,0,0,0,0,0)
(0,0,2,3,4,5,6,7,8,9,10,11,12,13,14,15,16,17,18,19) (1,0,0,0,0,0,0,0,0,0,0,0,0,0,0,0,0,0,0,0)
(0,0,2,2,4,5,6,7,8,9,10,11,12,13,14,15,16,17,18,19) (1,0,1,0,0,0,0,0,0,0,0,0,0,0,0,0,0,0,0,0)
(0,0,2,2,4,5,5,7,8,9,10,11,12,13,14,15,16,17,18,19) (1,0,1,0,0,1,0,0,0,0,0,0,0,0,0,0,0,0,0,0)
(0,0,2,2,4,5,5,7,7,9,10,11,12,13,14,15,16,17,18,19) (1,0,1,0,0,1,0,1,0,0,0,0,0,0,0,0,0,0,0,0)
(0,0,0,2,4,5,5,7,7,9,10,11,12,13,14,15,16,17,18,19) (2,0,1,0,0,1,0,1,0,0,0,0,0,0,0,0,0,0,0,0)
(0,0,0,2,4,5,5,5,7,9,10,11,12,13,14,15,16,17,18,19) (2,0,1,0,0,2,0,1,0,0,0,0,0,0,0,0,0,0,0,0)
(0,0,0,2,4,0,5,5,7,9,10,11,12,13,14,15,16,17,18,19) (3,0,1,0,0,2,0,1,0,0,0,0,0,0,0,0,0,0,0,0)
(0,0,0,2,4,0,5,5,7,9,10,10,12,13,14,15,16,17,18,19) (3,0,1,0,0,2,0,1,0,0,1,0,0,0,0,0,0,0,0,0)
(0,0,0,2,4,0,5,5,7,9,10,10,12,12,14,15,16,17,18,19) (3,0,1,0,0,2,0,1,0,0,1,0,1,0,0,0,0,0,0,0)
(0,0,0,2,4,0,5,5,7,9,10,10,12,12,14,15,15,17,18,19) (3,0,1,0,0,2,0,1,0,0,1,0,1,0,0,1,0,0,0,0)
(0,0,0,2,4,0,5,5,7,9,10,10,12,12,14,15,15,17,17,19) (3,0,1,0,0,2,0,1,0,0,1,0,1,0,0,1,0,1,0,0)
(0,0,0,2,4,0,5,5,7,9,10,10,10,12,14,15,15,17,17,19) (3,0,1,0,0,2,0,1,0,0,2,0,1,0,0,1,0,1,0,0)
(0,0,0,2,4,0,5,5,7,9,10,10,10,12,14,15,15,15,17,19) (3,0,1,0,0,2,0,1,0,0,2,0,1,0,0,2,0,1,0,0)
(0,0,0,2,4,0,5,5,7,9,10,10,10,12,14,10,15,15,17,19) (3,0,1,0,0,2,0,1,0,0,3,0,1,0,0,2,0,1,0,0)
(0,0,0,2,4,0,5,5,7,9,0,10,10,12,14,10,15,15,17,19) (4,0,1,0,0,2,0,1,0,0,3,0,1,0,0,2,0,1,0,0)
0 (0,0,0,0,4,0,5,5,7,9,0,10,10,12,14,10,15,15,17,19) (4,0,1,0,0,2,0,1,0,0,3,0,1,0,0,2,0,1,0,0)
0 (0,0,0,0,4,0,5,0,7,9,0,10,10,12,14,10,15,15,17,19) (4,0,1,0,0,2,0,1,0,0,3,0,1,0,0,2,0,1,0,0)
0 (0,0,0,0,4,0,5,0,7,9,0,0,10,12,14,10,15,15,17,19) (4,0,1,0,0,2,0,1,0,0,3,0,1,0,0,2,0,1,0,0)
0 (0,0,0,0,4,0,5,0,7,9,0,0,10,12,14,0,15,0,17,19) (4,0,1,0,0,2,0,1,0,0,3,0,1,0,0,2,0,1,0,0)
(0,1,2,3,4,5,6,7) (0,0,0,0,0,0,0,0)
(0,0,2,3,4,5,6,7) (1,0,0,0,0,0,0,0)
(0,0,2,2,4,5,6,7) (1,0,1,0,0,0,0,0)
(0,0,2,2,4,4,6,7) (1,0,1,0,1,0,0,0)
(0,0,2,2,4,4,6,6) (1,0,1,0,1,0,1,0)
(0,0,0,2,4,4,6,6) (2,0,1,0,1,0,1,0)
(0,0,0,2,4,4,4,6) (2,0,1,0,2,0,1,0)
(0,0,0,2,0,4,4,6) (3,0,1,0,2,0,1,0)
0 (0,0,0,0,0,4,4,6) (3,0,1,0,2,0,1,0)
0 (0,0,0,0,0,0,4,6) (3,0,1,0,2,0,1,0)
