0
0
(-,21,-)
((-,14,-),21,-)
((-,14,-),21,(-,31,-))
(((-,7,-),14,-),21,(-,31,-))
(((-,7,-),14,(-,19,-)),21,(-,31,-))
(((-,7,-),14,(-,19,-)),21,((-,26,-),31,-))
(((-,7,-),14,(-,19,-)),21,((-,26,-),31,(-,43,-)))
((((-,2,-),7,-),14,(-,19,-)),21,((-,26,-),31,(-,43,-)))
((((-,2,-),7,(-,9,-)),14,(-,19,-)),21,((-,26,-),31,(-,43,-)))
((((-,2,-),7,(-,9,-)),14,((-,15,-),19,-)),21,((-,26,-),31,(-,43,-)))
((((-,2,-),7,(-,9,-)),14,((-,15,-),19,(-,20,-))),21,((-,26,-),31,(-,43,-)))
((((-,2,-),7,(-,9,-)),14,((-,15,-),19,(-,20,-))),21,(((-,25,-),26,-),31,(-,43,-)))
((((-,2,-),7,(-,9,-)),14,((-,15,-),19,(-,20,-))),21,(((-,25,-),26,(-,27,-)),31,(-,43,-)))
((((-,2,-),7,(-,9,-)),14,((-,15,-),19,(-,20,-))),21,(((-,25,-),26,(-,27,-)),31,((-,33,-),43,-)))
((((-,2,-),7,(-,9,-)),14,((-,15,-),19,(-,20,-))),21,(((-,25,-),26,(-,27,-)),31,((-,33,-),43,(-,45,-))))
0
0
1
0
0
0
0
1
0
1
0
0
0
0
1
1
0
0
0
1
1
1
0
0
0
1
1
1
0
0
0
1
0
1
0
0
0
0
0
0
0
0
0
1
0
1
0
0
0
0
0
((((-,2,-),7,(-,9,-)),14,((-,15,-),19,(-,20,-))),21,(((-,25,-),26,(-,27,-)),31,((-,33,-),43,(-,45,-))))
((((-,2,-),7,(-,9,-)),14,((-,15,-),19,(-,20,-))),21,(((-,25,-),26,(-,27,-)),31,((-,33,-),43,(-,45,-))))
((((-,2,-),7,(-,9,-)),14,((-,15,-),19,(-,20,-))),21,(((-,25,-),26,(-,27,-)),31,((-,33,-),43,(-,45,-))))
((((-,2,-),7,(-,9,-)),14,((-,15,-),19,(-,20,-))),21,(((-,25,-),26,(-,27,-)),31,((-,33,-),43,(-,45,-))))
((((-,2,-),7,(-,9,-)),14,((-,15,-),19,(-,20,-))),21,(((-,25,-),26,(-,27,-)),31,((-,33,-),43,(-,45,-))))
((((-,2,-),7,(-,9,-)),14,((-,15,-),19,(-,20,-))),21,(((-,25,-),26,(-,27,-)),31,((-,33,-),43,(-,45,-))))
((((-,2,-),7,(-,9,-)),14,((-,15,-),19,(-,20,-))),21,(((-,25,-),26,(-,27,-)),31,((-,33,-),43,(-,45,-))))
(((((-,1,-),2,-),7,(-,9,-)),14,((-,15,-),19,(-,20,-))),21,(((-,25,-),26,(-,27,-)),31,((-,33,-),43,(-,45,-))))
(((((-,1,-),2,-),7,(-,9,-)),14,((-,15,-),19,(-,20,-))),21,(((-,25,-),26,(-,27,-)),31,((-,33,-),43,(-,45,-))))
(((((-,1,-),2,(-,3,-)),7,(-,9,-)),14,((-,15,-),19,(-,20,-))),21,(((-,25,-),26,(-,27,-)),31,((-,33,-),43,(-,45,-))))
(((((-,1,-),2,(-,3,-)),7,(-,9,-)),14,((-,15,-),19,(-,20,-))),21,(((-,25,-),26,(-,27,-)),31,((-,33,-),43,(-,45,-))))
(((((-,1,-),2,(-,3,-)),7,((-,8,-),9,-)),14,((-,15,-),19,(-,20,-))),21,(((-,25,-),26,(-,27,-)),31,((-,33,-),43,(-,45,-))))
(((((-,1,-),2,(-,3,-)),7,((-,8,-),9,-)),14,((-,15,-),19,(-,20,-))),21,(((-,25,-),26,(-,27,-)),31,((-,33,-),43,(-,45,-))))
(((((-,1,-),2,(-,3,-)),7,((-,8,-),9,(-,13,-))),14,((-,15,-),19,(-,20,-))),21,(((-,25,-),26,(-,27,-)),31,((-,33,-),43,(-,45,-))))
(((((-,1,-),2,(-,3,-)),7,((-,8,-),9,(-,13,-))),14,((-,15,-),19,(-,20,-))),21,(((-,25,-),26,(-,27,-)),31,((-,33,-),43,(-,45,-))))
(((((-,1,-),2,(-,3,-)),7,((-,8,-),9,(-,13,-))),14,((-,15,-),19,(-,20,-))),21,(((-,25,-),26,(-,27,-)),31,(((-,32,-),33,-),43,(-,45,-))))
(((((-,1,-),2,(-,3,-)),7,((-,8,-),9,(-,13,-))),14,((-,15,-),19,(-,20,-))),21,(((-,25,-),26,(-,27,-)),31,(((-,32,-),33,-),43,(-,45,-))))
(((((-,1,-),2,(-,3,-)),7,((-,8,-),9,(-,13,-))),14,((-,15,-),19,(-,20,-))),21,(((-,25,-),26,(-,27,-)),31,(((-,32,-),33,(-,38,-)),43,(-,45,-))))
(((((-,1,-),2,(-,3,-)),7,((-,8,-),9,(-,13,-))),14,((-,15,-),19,(-,20,-))),21,(((-,25,-),26,(-,27,-)),31,(((-,32,-),33,(-,38,-)),43,(-,45,-))))
(((((-,1,-),2,(-,3,-)),7,((-,8,-),9,(-,13,-))),14,((-,15,-),19,(-,20,-))),21,(((-,25,-),26,(-,27,-)),31,(((-,32,-),33,(-,38,-)),43,((-,44,-),45,-))))
(((((-,1,-),2,(-,3,-)),7,((-,8,-),9,(-,13,-))),14,((-,15,-),19,(-,20,-))),21,(((-,25,-),26,(-,27,-)),31,(((-,32,-),33,(-,38,-)),43,((-,44,-),45,-))))
(((((-,1,-),2,(-,3,-)),7,((-,8,-),9,(-,13,-))),14,((-,15,-),19,(-,20,-))),21,(((-,25,-),26,(-,27,-)),31,(((-,32,-),33,(-,38,-)),43,((-,44,-),45,(-,49,-)))))
(((((-,1,-),2,(-,3,-)),7,((-,8,-),9,(-,13,-))),14,((-,15,-),19,(-,20,-))),21,(((-,25,-),26,(-,27,-)),31,(((-,32,-),33,(-,38,-)),43,((-,44,-),45,(-,49,-)))))
(((((-,1,-),2,(-,3,-)),7,((-,8,-),9,(-,13,-))),14,((-,15,-),19,(-,20,-))),21,(((-,25,-),26,(-,27,-)),31,(((-,32,-),33,((-,37,-),38,-)),43,((-,44,-),45,(-,49,-)))))
(((((-,1,-),2,(-,3,-)),7,((-,8,-),9,(-,13,-))),14,((-,15,-),19,(-,20,-))),21,(((-,25,-),26,(-,27,-)),31,(((-,32,-),33,((-,37,-),38,-)),43,((-,44,-),45,(-,49,-)))))
(((((-,1,-),2,(-,3,-)),7,((-,8,-),9,(-,13,-))),14,((-,15,-),19,(-,20,-))),21,(((-,25,-),26,(-,27,-)),31,(((-,32,-),33,((-,37,-),38,(-,39,-))),43,((-,44,-),45,(-,49,-)))))
(((((-,1,-),2,(-,3,-)),7,((-,8,-),9,(-,13,-))),14,((-,15,-),19,(-,20,-))),21,(((-,25,-),26,(-,27,-)),31,(((-,32,-),33,((-,37,-),38,(-,39,-))),43,((-,44,-),45,(-,49,-)))))
0
1
1
1
0
0
0
1
1
1
0
0
0
1
1
1
0
0
0
1
1
1
0
0
0
1
1
1
0
0
0
1
1
1
0
0
0
1
1
1
0
0
0
1
1
1
0
0
0
1
0
(((((-,1,-),2,(-,3,(-,4,-))),7,((-,8,-),9,(-,13,-))),14,((-,15,-),19,(-,20,-))),21,(((-,25,-),26,(-,27,-)),31,(((-,32,-),33,((-,37,-),38,(-,39,-))),43,((-,44,-),45,(-,49,-)))))
(((((-,1,-),2,(-,3,(-,4,-))),7,((-,8,-),9,(-,13,-))),14,((-,15,-),19,(-,20,-))),21,(((-,25,-),26,(-,27,-)),31,(((-,32,-),33,((-,37,-),38,(-,39,-))),43,((-,44,-),45,(-,49,-)))))
(((((-,1,-),2,(-,3,(-,4,(-,6,-)))),7,((-,8,-),9,(-,13,-))),14,((-,15,-),19,(-,20,-))),21,(((-,25,-),26,(-,27,-)),31,(((-,32,-),33,((-,37,-),38,(-,39,-))),43,((-,44,-),45,(-,49,-)))))
1
1
1
1
0
1
1
